<?xml version="1.0" encoding="UTF-8"?>
<!-- Generated by org.testng.reporters.JUnitXMLReporter -->
<testsuite hostname="arka2-PC" name="Default test" tests="1" failures="0" timestamp="9 Feb 2021 06:28:38 GMT" time="0.039" errors="0">
  <testcase name="@BeforeClass Openbrowser" time="0.0" classname="scripts.TestLogInPage">
    <failure type="org.testng.TestNGException" message="
Parameter &amp;apos;sbrowser&amp;apos; is required by @Configuration on method Openbrowser but has not been marked @Optional or defined
in C:\Users\arka2\AppData\Local\Temp\testng-eclipse--1277577631\testng-customsuite.xml">
      <![CDATA[org.testng.TestNGException: 
Parameter 'sbrowser' is required by @Configuration on method Openbrowser but has not been marked @Optional or defined
in C:\Users\arka2\AppData\Local\Temp\testng-eclipse--1277577631\testng-customsuite.xml
	at org.testng.internal.Parameters.createParameters(Parameters.java:154)
	at org.testng.internal.Parameters.createParameters(Parameters.java:361)
	at org.testng.internal.Parameters.createConfigurationParameters(Parameters.java:84)
	at org.testng.internal.Invoker.invokeConfigurations(Invoker.java:201)
	at org.testng.internal.Invoker.invokeConfigurations(Invoker.java:142)
	at org.testng.internal.TestMethodWorker.invokeBeforeClassMethods(TestMethodWorker.java:178)
	at org.testng.internal.TestMethodWorker.run(TestMethodWorker.java:108)
	at org.testng.TestRunner.privateRun(TestRunner.java:782)
	at org.testng.TestRunner.run(TestRunner.java:632)
	at org.testng.SuiteRunner.runTest(SuiteRunner.java:366)
	at org.testng.SuiteRunner.runSequentially(SuiteRunner.java:361)
	at org.testng.SuiteRunner.privateRun(SuiteRunner.java:319)
	at org.testng.SuiteRunner.run(SuiteRunner.java:268)
	at org.testng.SuiteRunnerWorker.runSuite(SuiteRunnerWorker.java:52)
	at org.testng.SuiteRunnerWorker.run(SuiteRunnerWorker.java:86)
	at org.testng.TestNG.runSuitesSequentially(TestNG.java:1244)
	at org.testng.TestNG.runSuitesLocally(TestNG.java:1169)
	at org.testng.TestNG.run(TestNG.java:1064)
	at org.testng.remote.RemoteTestNG.run(RemoteTestNG.java:113)
	at org.testng.remote.RemoteTestNG.initAndRun(RemoteTestNG.java:206)
	at org.testng.remote.RemoteTestNG.main(RemoteTestNG.java:177)
]]>
    </failure>
  </testcase> <!-- @BeforeClass Openbrowser -->
  <testcase name="@BeforeMethod OpenApplication" time="0.0" classname="scripts.TestLogInPage">
    <skipped/>
  </testcase> <!-- @BeforeMethod OpenApplication -->
  <testcase name="@AfterMethod closebrowser" time="0.0" classname="scripts.TestLogInPage">
    <skipped/>
  </testcase> <!-- @AfterMethod closebrowser -->
  <testcase name="ValidLogInPage" time="0.005" classname="scripts.TestLogInPage">
    <skipped/>
  </testcase> <!-- ValidLogInPage -->
</testsuite> <!-- Default test -->
