<?xml version="1.0" encoding="UTF-8"?>
<!-- Generated by org.testng.reporters.JUnitXMLReporter -->
<testsuite hostname="arka2-PC" ignored="1" name="Test" tests="2" failures="1" timestamp="09 Feb 2021 08:33:58 GMT" time="62.036" errors="0">
  <testcase name="ValidEnterTimeTrackPage" time="21.54" classname="com.ActiTimeMaven.Scripts.TestEnterTimeTrackPage">
    <failure type="org.openqa.selenium.TimeoutException" message="Expected condition failed: waiting for title to contain &amp;quot;admin&amp;quot;. Current title: &amp;quot;actiTIME - Login&amp;quot; (tried for 20 second(s) with 500 milliseconds interval)
Build info: version: &amp;apos;3.141.59&amp;apos;, revision: &amp;apos;e82be7d358&amp;apos;, time: &amp;apos;2018-11-14T08:17:03&amp;apos;
System info: host: &amp;apos;ARKA2-PC&amp;apos;, ip: &amp;apos;192.168.1.16&amp;apos;, os.name: &amp;apos;Windows 7&amp;apos;, os.arch: &amp;apos;amd64&amp;apos;, os.version: &amp;apos;6.1&amp;apos;, java.version: &amp;apos;1.8.0_202&amp;apos;
Driver info: org.openqa.selenium.chrome.ChromeDriver
Capabilities {acceptInsecureCerts: false, browserName: chrome, browserVersion: 88.0.4324.150, chrome: {chromedriverVersion: 88.0.4324.96 (68dba2d8a0b14..., userDataDir: C:\Users\arka2\AppData\Loca...}, goog:chromeOptions: {debuggerAddress: localhost:65356}, javascriptEnabled: true, networkConnectionEnabled: false, pageLoadStrategy: normal, platform: WINDOWS, platformName: WINDOWS, proxy: Proxy(), setWindowRect: true, strictFileInteractability: false, timeouts: {implicit: 0, pageLoad: 300000, script: 30000}, unhandledPromptBehavior: dismiss and notify, webauthn:extension:largeBlob: true, webauthn:virtualAuthenticators: true}
Session ID: c4cf627ac3eb92b62f52aaec23951e43">
      <![CDATA[org.openqa.selenium.TimeoutException: Expected condition failed: waiting for title to contain "admin". Current title: "actiTIME - Login" (tried for 20 second(s) with 500 milliseconds interval)
Build info: version: '3.141.59', revision: 'e82be7d358', time: '2018-11-14T08:17:03'
System info: host: 'ARKA2-PC', ip: '192.168.1.16', os.name: 'Windows 7', os.arch: 'amd64', os.version: '6.1', java.version: '1.8.0_202'
Driver info: org.openqa.selenium.chrome.ChromeDriver
Capabilities {acceptInsecureCerts: false, browserName: chrome, browserVersion: 88.0.4324.150, chrome: {chromedriverVersion: 88.0.4324.96 (68dba2d8a0b14..., userDataDir: C:\Users\arka2\AppData\Loca...}, goog:chromeOptions: {debuggerAddress: localhost:65356}, javascriptEnabled: true, networkConnectionEnabled: false, pageLoadStrategy: normal, platform: WINDOWS, platformName: WINDOWS, proxy: Proxy(), setWindowRect: true, strictFileInteractability: false, timeouts: {implicit: 0, pageLoad: 300000, script: 30000}, unhandledPromptBehavior: dismiss and notify, webauthn:extension:largeBlob: true, webauthn:virtualAuthenticators: true}
Session ID: c4cf627ac3eb92b62f52aaec23951e43
at org.openqa.selenium.support.ui.WebDriverWait.timeoutException(WebDriverWait.java:95)
at org.openqa.selenium.support.ui.FluentWait.until(FluentWait.java:272)
at com.ActiTimemaven.generics.FWUtils.VerifyPageTitle(FWUtils.java:20)
at com.ActiTimeMaven.Scripts.TestEnterTimeTrackPage.ValidEnterTimeTrackPage(TestEnterTimeTrackPage.java:22)
... Removed 29 stack frames]]>
    </failure>
  </testcase> <!-- ValidEnterTimeTrackPage -->
  <testcase name="ValidLogInPage" time="6.02" classname="com.ActiTimeMaven.Scripts.TestLogInPage"/>
  <testcase name="@AfterSuite printreport" time="0.0" classname="com.ActiTimemaven.generics.BaseTest">
    <ignored/>
  </testcase> <!-- @AfterSuite printreport -->
</testsuite> <!-- Test -->
