<?xml version="1.0" encoding="UTF-8"?>
<testng-results skipped="0" failed="1" ignored="1" total="3" passed="1">
  <reporter-output>
    <line>
      <![CDATA[passcoiunt: 1]]>
    </line>
    <line>
      <![CDATA[failcount:1]]>
    </line>
  </reporter-output>
  <suite name="Suite" duration-ms="62036" started-at="2021-02-09T08:32:55Z" finished-at="2021-02-09T08:33:57Z">
    <groups>
    </groups>
    <test name="Test" duration-ms="62036" started-at="2021-02-09T08:32:55Z" finished-at="2021-02-09T08:33:57Z">
      <class name="com.ActiTimeMaven.Scripts.TestLogInPage">
        <test-method status="PASS" signature="Openbrowser(java.lang.String)[pri:0, instance:com.ActiTimeMaven.Scripts.TestLogInPage@6574b225]" name="Openbrowser" is-config="true" duration-ms="7772" started-at="2021-02-09T08:33:35Z" finished-at="2021-02-09T08:33:42Z">
          <params>
            <param index="0">
              <value>
                <![CDATA[chrome]]>
              </value>
            </param>
          </params>
          <reporter-output>
          </reporter-output>
        </test-method> <!-- Openbrowser -->
        <test-method status="PASS" signature="OpenApplication()[pri:0, instance:com.ActiTimeMaven.Scripts.TestLogInPage@6574b225]" name="OpenApplication" is-config="true" duration-ms="8344" started-at="2021-02-09T08:33:42Z" finished-at="2021-02-09T08:33:51Z">
          <reporter-output>
          </reporter-output>
        </test-method> <!-- OpenApplication -->
        <test-method status="PASS" signature="ValidLogInPage()[pri:0, instance:com.ActiTimeMaven.Scripts.TestLogInPage@6574b225]" name="ValidLogInPage" duration-ms="6020" started-at="2021-02-09T08:33:51Z" finished-at="2021-02-09T08:33:57Z">
          <reporter-output>
          </reporter-output>
        </test-method> <!-- ValidLogInPage -->
        <test-method status="PASS" signature="closebrowser(org.testng.ITestResult)[pri:0, instance:com.ActiTimeMaven.Scripts.TestLogInPage@6574b225]" name="closebrowser" is-config="true" duration-ms="64" started-at="2021-02-09T08:33:57Z" finished-at="2021-02-09T08:33:57Z">
          <params>
            <param index="0">
              <value>
                <![CDATA[[TestResult name=ValidLogInPage status=SUCCESS method=TestLogInPage.ValidLogInPage()[pri:0, instance:com.ActiTimeMaven.Scripts.TestLogInPage@6574b225] output={null}]]]>
              </value>
            </param>
          </params>
          <reporter-output>
          </reporter-output>
        </test-method> <!-- closebrowser -->
      </class> <!-- com.ActiTimeMaven.Scripts.TestLogInPage -->
      <class name="com.ActiTimeMaven.Scripts.TestEnterTimeTrackPage">
        <test-method status="PASS" signature="Openbrowser(java.lang.String)[pri:0, instance:com.ActiTimeMaven.Scripts.TestEnterTimeTrackPage@5056dfcb]" name="Openbrowser" is-config="true" duration-ms="6797" started-at="2021-02-09T08:32:55Z" finished-at="2021-02-09T08:33:02Z">
          <params>
            <param index="0">
              <value>
                <![CDATA[chrome]]>
              </value>
            </param>
          </params>
          <reporter-output>
          </reporter-output>
        </test-method> <!-- Openbrowser -->
        <test-method status="PASS" signature="OpenApplication()[pri:0, instance:com.ActiTimeMaven.Scripts.TestEnterTimeTrackPage@5056dfcb]" name="OpenApplication" is-config="true" duration-ms="5805" started-at="2021-02-09T08:33:02Z" finished-at="2021-02-09T08:33:08Z">
          <reporter-output>
          </reporter-output>
        </test-method> <!-- OpenApplication -->
        <test-method status="FAIL" signature="ValidEnterTimeTrackPage()[pri:0, instance:com.ActiTimeMaven.Scripts.TestEnterTimeTrackPage@5056dfcb]" name="ValidEnterTimeTrackPage" duration-ms="21540" started-at="2021-02-09T08:33:08Z" finished-at="2021-02-09T08:33:29Z">
          <exception class="org.openqa.selenium.TimeoutException">
            <message>
              <![CDATA[Expected condition failed: waiting for title to contain "admin". Current title: "actiTIME - Login" (tried for 20 second(s) with 500 milliseconds interval)
Build info: version: '3.141.59', revision: 'e82be7d358', time: '2018-11-14T08:17:03'
System info: host: 'ARKA2-PC', ip: '192.168.1.16', os.name: 'Windows 7', os.arch: 'amd64', os.version: '6.1', java.version: '1.8.0_202'
Driver info: org.openqa.selenium.chrome.ChromeDriver
Capabilities {acceptInsecureCerts: false, browserName: chrome, browserVersion: 88.0.4324.150, chrome: {chromedriverVersion: 88.0.4324.96 (68dba2d8a0b14..., userDataDir: C:\Users\arka2\AppData\Loca...}, goog:chromeOptions: {debuggerAddress: localhost:65356}, javascriptEnabled: true, networkConnectionEnabled: false, pageLoadStrategy: normal, platform: WINDOWS, platformName: WINDOWS, proxy: Proxy(), setWindowRect: true, strictFileInteractability: false, timeouts: {implicit: 0, pageLoad: 300000, script: 30000}, unhandledPromptBehavior: dismiss and notify, webauthn:extension:largeBlob: true, webauthn:virtualAuthenticators: true}
Session ID: c4cf627ac3eb92b62f52aaec23951e43]]>
            </message>
            <full-stacktrace>
              <![CDATA[org.openqa.selenium.TimeoutException: Expected condition failed: waiting for title to contain "admin". Current title: "actiTIME - Login" (tried for 20 second(s) with 500 milliseconds interval)
Build info: version: '3.141.59', revision: 'e82be7d358', time: '2018-11-14T08:17:03'
System info: host: 'ARKA2-PC', ip: '192.168.1.16', os.name: 'Windows 7', os.arch: 'amd64', os.version: '6.1', java.version: '1.8.0_202'
Driver info: org.openqa.selenium.chrome.ChromeDriver
Capabilities {acceptInsecureCerts: false, browserName: chrome, browserVersion: 88.0.4324.150, chrome: {chromedriverVersion: 88.0.4324.96 (68dba2d8a0b14..., userDataDir: C:\Users\arka2\AppData\Loca...}, goog:chromeOptions: {debuggerAddress: localhost:65356}, javascriptEnabled: true, networkConnectionEnabled: false, pageLoadStrategy: normal, platform: WINDOWS, platformName: WINDOWS, proxy: Proxy(), setWindowRect: true, strictFileInteractability: false, timeouts: {implicit: 0, pageLoad: 300000, script: 30000}, unhandledPromptBehavior: dismiss and notify, webauthn:extension:largeBlob: true, webauthn:virtualAuthenticators: true}
Session ID: c4cf627ac3eb92b62f52aaec23951e43
at org.openqa.selenium.support.ui.WebDriverWait.timeoutException(WebDriverWait.java:95)
at org.openqa.selenium.support.ui.FluentWait.until(FluentWait.java:272)
at com.ActiTimemaven.generics.FWUtils.VerifyPageTitle(FWUtils.java:20)
at com.ActiTimeMaven.Scripts.TestEnterTimeTrackPage.ValidEnterTimeTrackPage(TestEnterTimeTrackPage.java:22)
at sun.reflect.NativeMethodAccessorImpl.invoke0(Native Method)
at sun.reflect.NativeMethodAccessorImpl.invoke(NativeMethodAccessorImpl.java:62)
at sun.reflect.DelegatingMethodAccessorImpl.invoke(DelegatingMethodAccessorImpl.java:43)
at java.lang.reflect.Method.invoke(Method.java:498)
at org.testng.internal.MethodInvocationHelper.invokeMethod(MethodInvocationHelper.java:124)
at org.testng.internal.Invoker.invokeMethod(Invoker.java:580)
at org.testng.internal.Invoker.invokeTestMethod(Invoker.java:716)
at org.testng.internal.Invoker.invokeTestMethods(Invoker.java:988)
at org.testng.internal.TestMethodWorker.invokeTestMethods(TestMethodWorker.java:125)
at org.testng.internal.TestMethodWorker.run(TestMethodWorker.java:109)
at org.testng.TestRunner.privateRun(TestRunner.java:648)
at org.testng.TestRunner.run(TestRunner.java:505)
at org.testng.SuiteRunner.runTest(SuiteRunner.java:455)
at org.testng.SuiteRunner.runSequentially(SuiteRunner.java:450)
at org.testng.SuiteRunner.privateRun(SuiteRunner.java:415)
at org.testng.SuiteRunner.run(SuiteRunner.java:364)
at org.testng.SuiteRunnerWorker.runSuite(SuiteRunnerWorker.java:52)
at org.testng.SuiteRunnerWorker.run(SuiteRunnerWorker.java:84)
at org.testng.TestNG.runSuitesSequentially(TestNG.java:1208)
at org.testng.TestNG.runSuitesLocally(TestNG.java:1137)
at org.testng.TestNG.runSuites(TestNG.java:1049)
at org.testng.TestNG.run(TestNG.java:1017)
at org.apache.maven.surefire.testng.TestNGExecutor.run(TestNGExecutor.java:284)
at org.apache.maven.surefire.testng.TestNGXmlTestSuite.execute(TestNGXmlTestSuite.java:75)
at org.apache.maven.surefire.testng.TestNGProvider.invoke(TestNGProvider.java:119)
at org.apache.maven.surefire.booter.ForkedBooter.runSuitesInProcess(ForkedBooter.java:428)
at org.apache.maven.surefire.booter.ForkedBooter.execute(ForkedBooter.java:162)
at org.apache.maven.surefire.booter.ForkedBooter.run(ForkedBooter.java:562)
at org.apache.maven.surefire.booter.ForkedBooter.main(ForkedBooter.java:548)
]]>
            </full-stacktrace>
          </exception> <!-- org.openqa.selenium.TimeoutException -->
          <reporter-output>
          </reporter-output>
        </test-method> <!-- ValidEnterTimeTrackPage -->
        <test-method status="PASS" signature="closebrowser(org.testng.ITestResult)[pri:0, instance:com.ActiTimeMaven.Scripts.TestEnterTimeTrackPage@5056dfcb]" name="closebrowser" is-config="true" duration-ms="5291" started-at="2021-02-09T08:33:29Z" finished-at="2021-02-09T08:33:35Z">
          <params>
            <param index="0">
              <value>
                <![CDATA[[TestResult name=ValidEnterTimeTrackPage status=FAILURE method=TestEnterTimeTrackPage.ValidEnterTimeTrackPage()[pri:0, instance:com.ActiTimeMaven.Scripts.TestEnterTimeTrackPage@5056dfcb] output={null}]]]>
              </value>
            </param>
          </params>
          <reporter-output>
          </reporter-output>
        </test-method> <!-- closebrowser -->
        <test-method status="PASS" signature="printreport()[pri:0, instance:com.ActiTimeMaven.Scripts.TestEnterTimeTrackPage@5056dfcb]" name="printreport" is-config="true" duration-ms="1940" started-at="2021-02-09T08:33:58Z" finished-at="2021-02-09T08:34:00Z">
          <reporter-output>
            <line>
              <![CDATA[passcoiunt: 1]]>
            </line>
            <line>
              <![CDATA[failcount:1]]>
            </line>
          </reporter-output>
        </test-method> <!-- printreport -->
      </class> <!-- com.ActiTimeMaven.Scripts.TestEnterTimeTrackPage -->
    </test> <!-- Test -->
  </suite> <!-- Suite -->
</testng-results>
